<?xml version="1.0" encoding="UTF-8"?>
<!-- Generated by org.testng.reporters.JUnitReportReporter -->
<testsuite hostname="Gulsan" failures="0" tests="1" name="tests.VerificationPointTest" time="10.880" errors="0" timestamp="8 Mar 2024 02:39:10 GMT">
  <testcase classname="tests.VerificationPointTest" name="testFirstKatalonTestScript" time="10.880"/>
</testsuite> <!-- tests.VerificationPointTest -->
