<?xml version="1.0" encoding="UTF-8"?>
<!-- Generated by org.testng.reporters.JUnitReportReporter -->
<testsuite hostname="Gulsan" failures="0" tests="1" name="com.web.erp.testcases.LoginTestCase" time="7.556" errors="0" timestamp="2024-03-28T10:31:32 AEDT" skipped="0">
  <testcase classname="com.web.erp.testcases.LoginTestCase" name="testLoginTestCase" time="7.556"/>
</testsuite> <!-- com.web.erp.testcases.LoginTestCase -->
