<?xml version="1.0" encoding="UTF-8"?>
<!-- Generated by org.testng.reporters.JUnitReportReporter -->
<testsuite hostname="Gulsan" failures="0" tests="1" name="com.web.erp.testcases.LoginPageTest" time="2.239" errors="0" timestamp="2024-03-28T12:12:51 AEDT" skipped="0">
  <testcase classname="com.web.erp.testcases.LoginPageTest" name="loginTest" time="2.239"/>
</testsuite> <!-- com.web.erp.testcases.LoginPageTest -->
