<?xml version="1.0" encoding="UTF-8"?>
<!-- Generated by org.testng.reporters.JUnitReportReporter -->
<testsuite hostname="Gulsan" failures="0" tests="1" name="com.web.erp.testcases.HomePageTest" time="2.442" errors="0" timestamp="2024-03-28T15:17:03 AEDT" skipped="0">
  <testcase classname="com.web.erp.testcases.HomePageTest" name="clickOnReceivablesLinkTest" time="2.442"/>
</testsuite> <!-- com.web.erp.testcases.HomePageTest -->
