<?xml version="1.0" encoding="UTF-8"?>
<!-- Generated by org.testng.reporters.JUnitReportReporter -->
<testsuite hostname="Gulsan" failures="0" tests="1" name="tests.FirstKatalonTestScript" time="12.652" errors="0" timestamp="8 Mar 2024 02:38:44 GMT">
  <testcase classname="tests.FirstKatalonTestScript" name="testFirstKatalonTestScript" time="12.652"/>
</testsuite> <!-- tests.FirstKatalonTestScript -->
