<?xml version="1.0" encoding="UTF-8"?>
<!-- Generated by org.testng.reporters.JUnitReportReporter -->
<testsuite hostname="Gulsan" failures="0" tests="1" name="tests.FuntionCallingTest" time="4.205" errors="0" timestamp="2024-03-12T10:07:45 AEDT" skipped="0">
  <testcase classname="tests.FuntionCallingTest" name="testFuntionCalling" time="4.205"/>
</testsuite> <!-- tests.FuntionCallingTest -->
