<?xml version="1.0" encoding="UTF-8"?>
<!-- Generated by org.testng.reporters.JUnitReportReporter -->
<testsuite hostname="Gulsan" failures="0" tests="1" name="tests.FirstWebDriverScriptTest" time="10.641" errors="0" timestamp="2024-03-14T09:49:55 AEDT" skipped="0">
  <testcase classname="tests.FirstWebDriverScriptTest" name="testFirstWebDriverScript" time="10.641"/>
</testsuite> <!-- tests.FirstWebDriverScriptTest -->
