<?xml version="1.0" encoding="UTF-8"?>
<!-- Generated by org.testng.reporters.JUnitReportReporter -->
<testsuite hostname="Gulsan" failures="0" tests="1" name="tests.FirstWebDriverScriptTest" time="9.716" errors="0" timestamp="2024-03-12T09:50:45 AEDT" skipped="0">
  <testcase classname="tests.FirstWebDriverScriptTest" name="testFirstWebDriverScript" time="9.716"/>
</testsuite> <!-- tests.FirstWebDriverScriptTest -->
