<?xml version="1.0" encoding="UTF-8"?>
<!-- Generated by org.testng.reporters.JUnitReportReporter -->
<testsuite hostname="Gulsan" failures="0" tests="1" name="tests.ParamaterizationLoopTest" time="38.831" errors="0" timestamp="2024-03-12T10:14:22 AEDT" skipped="0">
  <testcase classname="tests.ParamaterizationLoopTest" name="testParamaterizationLoop" time="38.831"/>
</testsuite> <!-- tests.ParamaterizationLoopTest -->
