<?xml version="1.0" encoding="UTF-8"?>
<!-- Generated by org.testng.reporters.JUnitReportReporter -->
<testsuite hostname="Gulsan" failures="0" tests="2" name="tests.POMPageTest" time="6.283" errors="0" timestamp="2024-03-13T04:12:40 AEDT" skipped="0">
  <testcase classname="tests.POMPageTest" name="testForLogin" time="2.752"/>
  <testcase classname="tests.POMPageTest" name="testForSerachHotel" time="3.531"/>
</testsuite> <!-- tests.POMPageTest -->
