<?xml version="1.0" encoding="UTF-8"?>
<!-- Generated by org.testng.reporters.JUnitReportReporter -->
<testsuite hostname="Gulsan" failures="0" tests="1" name="tests.SharedUIMapTest" time="10.075" errors="0" timestamp="2024-03-14T09:50:32 AEDT" skipped="0">
  <testcase classname="tests.SharedUIMapTest" name="testSharedUIMap" time="10.075"/>
</testsuite> <!-- tests.SharedUIMapTest -->
