<?xml version="1.0" encoding="UTF-8"?>
<!-- Generated by org.testng.reporters.JUnitReportReporter -->
<testsuite hostname="Gulsan" failures="0" tests="1" name="tests.SharedUIMapTest" time="10.871" errors="0" timestamp="2024-03-08T13:58:43 AEDT" skipped="0">
  <testcase classname="tests.SharedUIMapTest" name="testSharedUIMap" time="10.871"/>
</testsuite> <!-- tests.SharedUIMapTest -->
