<?xml version="1.0" encoding="UTF-8"?>
<!-- Generated by org.testng.reporters.JUnitReportReporter -->
<testsuite hostname="Gulsan" failures="0" tests="1" name="tests.FirstKatalonTestScript" time="12.918" errors="0" timestamp="2024-03-11T16:51:16 AEDT" skipped="0">
  <testcase classname="tests.FirstKatalonTestScript" name="testFirstKatalonTestScript" time="12.918"/>
</testsuite> <!-- tests.FirstKatalonTestScript -->
